<?xml version="1.0" encoding="UTF-8" ?>
<testsuite failures="0" time="0.093" errors="0" skipped="0" tests="5" name="com.jjonsson.chess.scenarios.TestScenarios">
  <properties>
[...]
</properties>
  <testcase time="0.01" classname="com.jjonsson.chess.scenarios.TestScenarios" name="testPawnTakeOverMoveShouldRemoveAvailabilityOfTwoStepMove"/>
  <testcase time="0.02" classname="com.jjonsson.chess.scenarios.TestScenarios" name="testMoveAvailabilityUnderFutureCheck"/>
  <testcase time="0.039" classname="com.jjonsson.chess.scenarios.TestScenarios" name="testPawnReplacementAndGameStateChanges"/>
  <testcase time="0.012" classname="com.jjonsson.chess.scenarios.TestScenarios" name="testKingPossibleMovesUnderCheck"/>
  <testcase time="0.006" classname="com.jjonsson.chess.scenarios.TestScenarios" name="testTakeOverMoveShouldNotBePossible"/>
</testsuite>